{
  "RSpec": {
    "coverage": {
      "/Users/maryballantyne/Turing/enigma_project/lib/enigma.rb": {
        "lines": [
          1,
          1,
          null,
          1,
          1,
          null,
          1,
          1,
          null,
          1,
          1,
          0,
          null,
          null,
          0,
          null,
          null,
          1,
          0,
          null,
          0,
          0,
          null,
          null,
          0,
          null,
          null,
          1,
          null,
          1,
          11,
          11,
          11,
          null,
          null,
          1,
          0,
          0,
          0,
          null,
          null,
          1,
          1,
          1,
          null,
          1,
          null,
          null,
          null,
          null,
          null,
          null
        ]
      },
      "/Users/maryballantyne/Turing/enigma_project/lib/key_generator.rb": {
        "lines": [
          1,
          1,
          0,
          null,
          null
        ]
      },
      "/Users/maryballantyne/Turing/enigma_project/lib/offset_generator.rb": {
        "lines": [
          1,
          1,
          1,
          1,
          null,
          null
        ]
      },
      "/Users/maryballantyne/Turing/enigma_project/spec/key_generator_spec.rb": {
        "lines": [
          1,
          1,
          null,
          1,
          1,
          0,
          null,
          0,
          0,
          null,
          null
        ]
      },
      "/Users/maryballantyne/Turing/enigma_project/spec/offset_generator_spec.rb": {
        "lines": [
          1,
          1,
          null,
          1,
          1,
          0,
          null,
          0,
          null,
          null
        ]
      }
    },
    "timestamp": 1660072225
  }
}
