{
  "RSpec": {
    "coverage": {
      "/Users/maryballantyne/Turing/enigma_project/lib/enigma.rb": {
        "lines": [
          1,
          null,
          1,
          1,
          null,
          1,
          2,
          null,
          2,
          22,
          null,
          null,
          2,
          null,
          null,
          1,
          2,
          null,
          2,
          22,
          null,
          null,
          2,
          null,
          null,
          1,
          null,
          1,
          22,
          22,
          22,
          null,
          null,
          1,
          22,
          22,
          22,
          null,
          null
        ]
      },
      "/Users/maryballantyne/Turing/enigma_project/lib/shift_generator.rb": {
        "lines": [
          1,
          1,
          1,
          null,
          1,
          1,
          4,
          4,
          null,
          4,
          4,
          null,
          null,
          4,
          null,
          null,
          null,
          null,
          null,
          4,
          null,
          null,
          null,
          null
        ]
      },
      "/Users/maryballantyne/Turing/enigma_project/lib/key_generator.rb": {
        "lines": [
          1,
          1,
          6,
          null,
          null
        ]
      },
      "/Users/maryballantyne/Turing/enigma_project/lib/offset_generator.rb": {
        "lines": [
          1,
          1,
          5,
          5,
          null,
          null
        ]
      },
      "/Users/maryballantyne/Turing/enigma_project/spec/key_generator_spec.rb": {
        "lines": [
          1,
          1,
          null,
          1,
          1,
          1,
          null,
          1,
          1,
          null,
          null
        ]
      },
      "/Users/maryballantyne/Turing/enigma_project/spec/offset_generator_spec.rb": {
        "lines": [
          1,
          1,
          null,
          1,
          1,
          1,
          null,
          1,
          null,
          null
        ]
      },
      "/Users/maryballantyne/Turing/enigma_project/spec/shift_generator_spec.rb": {
        "lines": [
          1,
          null,
          null
        ]
      }
    },
    "timestamp": 1660076178
  }
}
